<?xml version="1.0" encoding="UTF-8"?>
<!-- Generated by org.testng.reporters.JUnitXMLReporter -->
<testsuite hostname="DESKTOP-GE9IHO9" ignored="0" name="Default test" tests="10" failures="0" timestamp="06 Jan 2019 20:22:58 GMT" time="12.667" errors="0">
  <testcase name="clickAddNewComputer" time="1.484" classname="com.qa.testcases.Regression_UpdateRecord_deleteRecord"/>
  <testcase name="searchfunctionValidation" time="0.624" classname="com.qa.testcases.Regression_UpdateRecord_deleteRecord"/>
  <testcase name="clickOnsearchRecord" time="0.466" classname="com.qa.testcases.Regression_UpdateRecord_deleteRecord"/>
  <testcase name="enterNewValues" time="1.253" classname="com.qa.testcases.Regression_UpdateRecord_deleteRecord"/>
  <testcase name="clickonSaveButton" time="0.571" classname="com.qa.testcases.Regression_UpdateRecord_deleteRecord"/>
  <testcase name="alertValidation" time="0.118" classname="com.qa.testcases.Regression_UpdateRecord_deleteRecord"/>
  <testcase name="updatedValueValidation" time="0.49" classname="com.qa.testcases.Regression_UpdateRecord_deleteRecord"/>
  <testcase name="deleteRecord" time="0.924" classname="com.qa.testcases.Regression_UpdateRecord_deleteRecord"/>
  <testcase name="alertValidationOnDelete" time="0.067" classname="com.qa.testcases.Regression_UpdateRecord_deleteRecord"/>
  <testcase name="errorValidation" time="0.524" classname="com.qa.testcases.Regression_UpdateRecord_deleteRecord"/>
</testsuite> <!-- Default test -->
