<?xml version="1.0" encoding="UTF-8"?>
<!-- Generated by org.testng.reporters.JUnitXMLReporter -->
<testsuite hostname="DESKTOP-GE9IHO9" ignored="0" name="Default test" tests="10" failures="0" timestamp="02 Jan 2019 19:47:35 GMT" time="11.838" errors="0">
  <testcase name="clickAddNewComputer" time="1.425" classname="com.qa.testcases.Regression_UpdateRecord"/>
  <testcase name="searchfunctionValidation" time="0.529" classname="com.qa.testcases.Regression_UpdateRecord"/>
  <testcase name="clickOnsearchRecord" time="0.356" classname="com.qa.testcases.Regression_UpdateRecord"/>
  <testcase name="enterNewValues" time="0.835" classname="com.qa.testcases.Regression_UpdateRecord"/>
  <testcase name="clickonSaveButton" time="0.524" classname="com.qa.testcases.Regression_UpdateRecord"/>
  <testcase name="alertValidation" time="0.064" classname="com.qa.testcases.Regression_UpdateRecord"/>
  <testcase name="updatedValueValidation" time="0.428" classname="com.qa.testcases.Regression_UpdateRecord"/>
  <testcase name="deleteRecord" time="0.844" classname="com.qa.testcases.Regression_UpdateRecord"/>
  <testcase name="alertValidationOnDelete" time="0.205" classname="com.qa.testcases.Regression_UpdateRecord"/>
  <testcase name="errorValidation" time="0.872" classname="com.qa.testcases.Regression_UpdateRecord"/>
</testsuite> <!-- Default test -->
