<?xml version="1.0" encoding="UTF-8"?>
<testng-results skipped="0" failed="0" ignored="0" total="10" passed="10">
  <reporter-output>
  </reporter-output>
  <suite name="Default suite" duration-ms="12667" started-at="2019-01-06T20:22:46Z" finished-at="2019-01-06T20:22:58Z">
    <groups>
    </groups>
    <test name="Default test" duration-ms="12667" started-at="2019-01-06T20:22:46Z" finished-at="2019-01-06T20:22:58Z">
      <class name="com.qa.testcases.Regression_UpdateRecord_deleteRecord">
        <test-method status="PASS" signature="setup()[pri:0, instance:com.qa.testcases.Regression_UpdateRecord_deleteRecord@1d057a39]" name="setup" is-config="true" duration-ms="5901" started-at="2019-01-06T20:22:46Z" finished-at="2019-01-06T20:22:52Z">
          <reporter-output>
          </reporter-output>
        </test-method> <!-- setup -->
        <test-method status="PASS" signature="clickAddNewComputer()[pri:1, instance:com.qa.testcases.Regression_UpdateRecord_deleteRecord@1d057a39]" name="clickAddNewComputer" duration-ms="1484" started-at="2019-01-06T20:22:52Z" finished-at="2019-01-06T20:22:53Z">
          <reporter-output>
          </reporter-output>
        </test-method> <!-- clickAddNewComputer -->
        <test-method status="PASS" signature="searchfunctionValidation()[pri:2, instance:com.qa.testcases.Regression_UpdateRecord_deleteRecord@1d057a39]" name="searchfunctionValidation" duration-ms="624" started-at="2019-01-06T20:22:53Z" finished-at="2019-01-06T20:22:54Z">
          <reporter-output>
          </reporter-output>
        </test-method> <!-- searchfunctionValidation -->
        <test-method status="PASS" signature="clickOnsearchRecord()[pri:3, instance:com.qa.testcases.Regression_UpdateRecord_deleteRecord@1d057a39]" name="clickOnsearchRecord" duration-ms="466" started-at="2019-01-06T20:22:54Z" finished-at="2019-01-06T20:22:54Z">
          <reporter-output>
          </reporter-output>
        </test-method> <!-- clickOnsearchRecord -->
        <test-method status="PASS" signature="enterNewValues()[pri:4, instance:com.qa.testcases.Regression_UpdateRecord_deleteRecord@1d057a39]" name="enterNewValues" duration-ms="1253" started-at="2019-01-06T20:22:54Z" finished-at="2019-01-06T20:22:55Z">
          <reporter-output>
          </reporter-output>
        </test-method> <!-- enterNewValues -->
        <test-method status="PASS" signature="clickonSaveButton()[pri:5, instance:com.qa.testcases.Regression_UpdateRecord_deleteRecord@1d057a39]" name="clickonSaveButton" duration-ms="571" started-at="2019-01-06T20:22:55Z" finished-at="2019-01-06T20:22:56Z">
          <reporter-output>
          </reporter-output>
        </test-method> <!-- clickonSaveButton -->
        <test-method status="PASS" signature="alertValidation()[pri:6, instance:com.qa.testcases.Regression_UpdateRecord_deleteRecord@1d057a39]" name="alertValidation" duration-ms="118" started-at="2019-01-06T20:22:56Z" finished-at="2019-01-06T20:22:56Z">
          <reporter-output>
          </reporter-output>
        </test-method> <!-- alertValidation -->
        <test-method status="PASS" signature="updatedValueValidation()[pri:7, instance:com.qa.testcases.Regression_UpdateRecord_deleteRecord@1d057a39]" name="updatedValueValidation" duration-ms="490" started-at="2019-01-06T20:22:56Z" finished-at="2019-01-06T20:22:57Z">
          <reporter-output>
          </reporter-output>
        </test-method> <!-- updatedValueValidation -->
        <test-method status="PASS" signature="deleteRecord()[pri:8, instance:com.qa.testcases.Regression_UpdateRecord_deleteRecord@1d057a39]" name="deleteRecord" duration-ms="924" started-at="2019-01-06T20:22:57Z" finished-at="2019-01-06T20:22:58Z">
          <reporter-output>
          </reporter-output>
        </test-method> <!-- deleteRecord -->
        <test-method status="PASS" signature="alertValidationOnDelete()[pri:9, instance:com.qa.testcases.Regression_UpdateRecord_deleteRecord@1d057a39]" name="alertValidationOnDelete" duration-ms="67" started-at="2019-01-06T20:22:58Z" finished-at="2019-01-06T20:22:58Z">
          <reporter-output>
          </reporter-output>
        </test-method> <!-- alertValidationOnDelete -->
        <test-method status="PASS" signature="errorValidation()[pri:10, instance:com.qa.testcases.Regression_UpdateRecord_deleteRecord@1d057a39]" name="errorValidation" duration-ms="524" started-at="2019-01-06T20:22:58Z" finished-at="2019-01-06T20:22:58Z">
          <reporter-output>
          </reporter-output>
        </test-method> <!-- errorValidation -->
        <test-method status="PASS" signature="tearDown()[pri:0, instance:com.qa.testcases.Regression_UpdateRecord_deleteRecord@1d057a39]" name="tearDown" is-config="true" duration-ms="171" started-at="2019-01-06T20:22:58Z" finished-at="2019-01-06T20:22:58Z">
          <reporter-output>
          </reporter-output>
        </test-method> <!-- tearDown -->
      </class> <!-- com.qa.testcases.Regression_UpdateRecord_deleteRecord -->
    </test> <!-- Default test -->
  </suite> <!-- Default suite -->
</testng-results>
